<?xml version="1.0" encoding="UTF-8"?>
<!-- Generated by org.testng.reporters.JUnitReportReporter -->
<testsuite hostname="LAPTOP-D8A5FL4O" failures="0" tests="3" name="org.example.testcases.PDP" time="17.843" errors="0" timestamp="2025-09-06T20:59:32 IST" skipped="0">
  <testcase classname="org.example.testcases.PDP" name="macBookProPDP" time="6.255"/>
  <testcase classname="org.example.testcases.PDP" name="samsungGalaxyS6PDP" time="5.576"/>
  <testcase classname="org.example.testcases.PDP" name="aSUSFullHDPDP" time="6.012"/>
</testsuite> <!-- org.example.testcases.PDP -->
