<?xml version="1.0" encoding="UTF-8"?>
<!-- Generated by org.testng.reporters.JUnitReportReporter -->
<testsuite hostname="LAPTOP-D8A5FL4O" failures="0" tests="5" name="org.example.testcases.Login" time="27.681" errors="0" timestamp="2025-09-06T20:59:32 IST" skipped="0">
  <testcase classname="org.example.testcases.Login" name="loginWithValidUsernameAndInvalidPassword" time="5.926"/>
  <testcase classname="org.example.testcases.Login" name="loginWithEmptyFields" time="3.260"/>
  <testcase classname="org.example.testcases.Login" name="validLogin" time="7.194"/>
  <testcase classname="org.example.testcases.Login" name="loginWithInvalidUsername" time="4.370"/>
  <testcase classname="org.example.testcases.Login" name="logout" time="6.931"/>
</testsuite> <!-- org.example.testcases.Login -->
