<?xml version="1.0" encoding="UTF-8"?>
<!-- Generated by org.testng.reporters.JUnitReportReporter -->
<testsuite hostname="LAPTOP-D8A5FL4O" failures="0" tests="2" name="org.example.testcases.HomepageExplorer" time="12.902" errors="0" timestamp="2025-09-06T20:59:32 IST" skipped="0">
  <testcase classname="org.example.testcases.HomepageExplorer" name="SlideRightAndLeftArrow" time="6.886"/>
  <testcase classname="org.example.testcases.HomepageExplorer" name="Categories" time="6.016"/>
</testsuite> <!-- org.example.testcases.HomepageExplorer -->
