<?xml version="1.0" encoding="UTF-8"?>
<!-- Generated by org.testng.reporters.JUnitReportReporter -->
<testsuite hostname="LAPTOP-D8A5FL4O" failures="0" tests="1" name="org.example.testcases.Cart" time="17.919" errors="0" timestamp="2025-09-06T20:59:32 IST" skipped="0">
  <testcase classname="org.example.testcases.Cart" name="cartTest" time="17.919"/>
</testsuite> <!-- org.example.testcases.Cart -->
